Arguments: 
  /home/sahl.abdelrahman/.nvm/versions/node/v12.22.7/bin/node /usr/bin/yarn add ramdajs

PATH: 
  /home/sahl.abdelrahman/.cache/cloud-code/installer/google-cloud-sdk/bin:/home/sahl.abdelrahman/.nvm/versions/node/v12.22.7/bin:/usr/local/sbin:/usr/local/bin:/usr/sbin:/usr/bin:/sbin:/bin:/usr/games:/usr/local/games:/snap/bin:/home/sahl.abdelrahman/.yarn/bin:/home/sahl.abdelrahman/Downloads/intelliJ/bin:/home/sahl.abdelrahman/Downloads/intelliJ/bin:/home/sahl.abdelrahman/Downloads/intelliJ/bin

Yarn version: 
  1.22.17

Node version: 
  12.22.7

Platform: 
  linux x64

Trace: 
  Error: https://registry.yarnpkg.com/ramdajs: Not found
      at Request.params.callback [as _callback] (/usr/lib/node_modules/yarn/lib/cli.js:67029:18)
      at Request.self.callback (/usr/lib/node_modules/yarn/lib/cli.js:140883:22)
      at Request.emit (events.js:314:20)
      at Request.<anonymous> (/usr/lib/node_modules/yarn/lib/cli.js:141855:10)
      at Request.emit (events.js:314:20)
      at IncomingMessage.<anonymous> (/usr/lib/node_modules/yarn/lib/cli.js:141777:12)
      at Object.onceWrapper (events.js:420:28)
      at IncomingMessage.emit (events.js:326:22)
      at endReadableNT (_stream_readable.js:1241:12)
      at processTicksAndRejections (internal/process/task_queues.js:84:21)

npm manifest: 
  {
    "name": "functional_programming_in_javascript",
    "version": "1.0.0",
    "main": "index.js",
    "license": "MIT",
    "dependencies": {
      "lodash": "^4.17.21"
    }
  }

yarn manifest: 
  No manifest

Lockfile: 
  # THIS IS AN AUTOGENERATED FILE. DO NOT EDIT THIS FILE DIRECTLY.
  # yarn lockfile v1
  
  
  lodash@^4.17.21:
    version "4.17.21"
    resolved "https://registry.yarnpkg.com/lodash/-/lodash-4.17.21.tgz#679591c564c3bffaae8454cf0b3df370c3d6911c"
    integrity sha512-v2kDEe57lecTulaDIuNTPy3Ry4gLGJ6Z1O3vE1krgXZNrsQ+LFTGHVxVjcXPs17LhbZVGedAJv8XZ1tvj5FvSg==
